1707369901543	geckodriver	INFO	Listening on 127.0.0.1:51875
1707369904578	mozrunner::runner	INFO	Running command: "C:\\Program Files\\Mozilla Firefox\\firefox.exe" "--marionette" "--headless" "--remote-debugging-port" "51876" "-no-remote" "-profile" "C:\\Users\\sriram\\AppData\\Local\\Temp\\rust_mozprofileHjZHkA"
*** You are running in headless mode.
console.warn: services.settings: Ignoring preference override of remote settings server
console.warn: services.settings: Allow by setting MOZ_REMOTE_SETTINGS_DEVTOOLS=1 in the environment
1707369905051	Marionette	INFO	Marionette enabled
Dynamically enable window occlusion 0
1707369905097	Marionette	INFO	Listening on port 51881
WebDriver BiDi listening on ws://127.0.0.1:51876
1707369905128	RemoteAgent	WARN	TLS certificate errors will be ignored for this session
[GFX1-]: RenderCompositorSWGL failed mapping default framebuffer, no dt
DevTools listening on ws://127.0.0.1:51876/devtools/browser/38f6d203-1f91-40f5-8f05-644b181929ae
console.warn: LoginRecipes: "Falling back to a synchronous message for: https://api.fyers.in."
console.warn: LoginRecipes: "Falling back to a synchronous message for: https://api.fyers.in."
console.warn: LoginRecipes: "Falling back to a synchronous message for: https://api.fyers.in."
1707369935426	addons.xpi	ERROR	System addon update list error SyntaxError: XMLHttpRequest.open: 'http://%(server)s/dummy-system-addons.xml' is not a valid URL.
1707369987433	Marionette	INFO	Stopped listening on port 51881
Dynamically enable window occlusion 1
1707370881075	geckodriver	INFO	Listening on 127.0.0.1:52003
1707370884129	mozrunner::runner	INFO	Running command: "C:\\Program Files\\Mozilla Firefox\\firefox.exe" "--marionette" "--headless" "--remote-debugging-port" "52004" "-no-remote" "-profile" "C:\\Users\\sriram\\AppData\\Local\\Temp\\rust_mozprofilel9PJWk"
*** You are running in headless mode.
console.warn: services.settings: Ignoring preference override of remote settings server
console.warn: services.settings: Allow by setting MOZ_REMOTE_SETTINGS_DEVTOOLS=1 in the environment
1707370884366	Marionette	INFO	Marionette enabled
Dynamically enable window occlusion 0
1707370884411	Marionette	INFO	Listening on port 52010
WebDriver BiDi listening on ws://127.0.0.1:52004
1707370884689	RemoteAgent	WARN	TLS certificate errors will be ignored for this session
[GFX1-]: RenderCompositorSWGL failed mapping default framebuffer, no dt
console.error: ({})
DevTools listening on ws://127.0.0.1:52004/devtools/browser/5a6d1e0e-672e-4a4c-8c52-e932ce1b14d3
console.warn: LoginRecipes: "Falling back to a synchronous message for: https://api.fyers.in."
console.warn: LoginRecipes: "Falling back to a synchronous message for: https://api.fyers.in."
console.warn: LoginRecipes: "Falling back to a synchronous message for: https://api.fyers.in."
1707370914863	addons.xpi	ERROR	System addon update list error SyntaxError: XMLHttpRequest.open: 'http://%(server)s/dummy-system-addons.xml' is not a valid URL.
1707370966781	Marionette	INFO	Stopped listening on port 52010
Dynamically enable window occlusion 1
1707371255606	geckodriver	INFO	Listening on 127.0.0.1:52101
1707371258670	mozrunner::runner	INFO	Running command: "C:\\Program Files\\Mozilla Firefox\\firefox.exe" "--marionette" "--headless" "--remote-debugging-port" "52102" "-no-remote" "-profile" "C:\\Users\\sriram\\AppData\\Local\\Temp\\rust_mozprofilepRE9Qc"
*** You are running in headless mode.
console.warn: services.settings: Ignoring preference override of remote settings server
console.warn: services.settings: Allow by setting MOZ_REMOTE_SETTINGS_DEVTOOLS=1 in the environment
1707371258908	Marionette	INFO	Marionette enabled
Dynamically enable window occlusion 0
1707371258954	Marionette	INFO	Listening on port 52107
WebDriver BiDi listening on ws://127.0.0.1:52102
[GFX1-]: RenderCompositorSWGL failed mapping default framebuffer, no dt
1707371259238	RemoteAgent	WARN	TLS certificate errors will be ignored for this session
console.error: ({})
DevTools listening on ws://127.0.0.1:52102/devtools/browser/9287c2a3-299c-45df-a414-3b93f771c985
console.warn: LoginRecipes: "Falling back to a synchronous message for: https://api.fyers.in."
console.warn: LoginRecipes: "Falling back to a synchronous message for: https://api.fyers.in."
console.warn: LoginRecipes: "Falling back to a synchronous message for: https://api.fyers.in."
1707371288929	addons.xpi	ERROR	System addon update list error SyntaxError: XMLHttpRequest.open: 'http://%(server)s/dummy-system-addons.xml' is not a valid URL.
1707371341337	Marionette	INFO	Stopped listening on port 52107
Dynamically enable window occlusion 1
1707375646871	geckodriver	INFO	Listening on 127.0.0.1:52517
1707375649933	mozrunner::runner	INFO	Running command: "C:\\Program Files\\Mozilla Firefox\\firefox.exe" "--marionette" "--headless" "--remote-debugging-port" "52518" "-no-remote" "-profile" "C:\\Users\\sriram\\AppData\\Local\\Temp\\rust_mozprofileQAXDvs"
*** You are running in headless mode.
console.warn: services.settings: Ignoring preference override of remote settings server
console.warn: services.settings: Allow by setting MOZ_REMOTE_SETTINGS_DEVTOOLS=1 in the environment
1707375650185	Marionette	INFO	Marionette enabled
Dynamically enable window occlusion 0
1707375650230	Marionette	INFO	Listening on port 52523
WebDriver BiDi listening on ws://127.0.0.1:52518
1707375650476	RemoteAgent	WARN	TLS certificate errors will be ignored for this session
[GFX1-]: RenderCompositorSWGL failed mapping default framebuffer, no dt
console.error: ({})
DevTools listening on ws://127.0.0.1:52518/devtools/browser/bafab5b1-1135-41c6-b991-a962698d4dcc
console.warn: LoginRecipes: "Falling back to a synchronous message for: https://api.fyers.in."
console.warn: LoginRecipes: "Falling back to a synchronous message for: https://api.fyers.in."
console.warn: LoginRecipes: "Falling back to a synchronous message for: https://api.fyers.in."
1707375680857	addons.xpi	ERROR	System addon update list error SyntaxError: XMLHttpRequest.open: 'http://%(server)s/dummy-system-addons.xml' is not a valid URL.
1707375727829	Marionette	INFO	Stopped listening on port 52523
Dynamically enable window occlusion 1
1707413173681	geckodriver	INFO	Listening on 127.0.0.1:56368
1707413176747	mozrunner::runner	INFO	Running command: "C:\\Program Files\\Mozilla Firefox\\firefox.exe" "--marionette" "--headless" "--remote-debugging-port" "56369" "-no-remote" "-profile" "C:\\Users\\sriram\\AppData\\Local\\Temp\\rust_mozprofileLq3jAU"
*** You are running in headless mode.
console.warn: services.settings: Ignoring preference override of remote settings server
console.warn: services.settings: Allow by setting MOZ_REMOTE_SETTINGS_DEVTOOLS=1 in the environment
1707413177014	Marionette	INFO	Marionette enabled
Dynamically enable window occlusion 0
1707413177059	Marionette	INFO	Listening on port 56380
WebDriver BiDi listening on ws://127.0.0.1:56369
1707413177308	RemoteAgent	WARN	TLS certificate errors will be ignored for this session
[GFX1-]: RenderCompositorSWGL failed mapping default framebuffer, no dt
console.error: ({})
DevTools listening on ws://127.0.0.1:56369/devtools/browser/e3204f22-a617-468e-9f5d-8bb71c26cf4d
console.warn: LoginRecipes: "Falling back to a synchronous message for: https://api.fyers.in."
console.warn: LoginRecipes: "Falling back to a synchronous message for: https://api.fyers.in."
console.warn: LoginRecipes: "Falling back to a synchronous message for: https://api.fyers.in."
1707413207535	addons.xpi	ERROR	System addon update list error SyntaxError: XMLHttpRequest.open: 'http://%(server)s/dummy-system-addons.xml' is not a valid URL.
1707413254346	Marionette	INFO	Stopped listening on port 56380
Dynamically enable window occlusion 1
1707448502788	geckodriver	INFO	Listening on 127.0.0.1:50399
1707448505831	mozrunner::runner	INFO	Running command: "C:\\Program Files\\Mozilla Firefox\\firefox.exe" "--marionette" "--headless" "--remote-debugging-port" "50400" "-no-remote" "-profile" "C:\\Users\\sriram\\AppData\\Local\\Temp\\rust_mozprofileXz87M4"
*** You are running in headless mode.
console.warn: services.settings: Ignoring preference override of remote settings server
console.warn: services.settings: Allow by setting MOZ_REMOTE_SETTINGS_DEVTOOLS=1 in the environment
1707448506453	Marionette	INFO	Marionette enabled
Dynamically enable window occlusion 0
1707448506513	Marionette	INFO	Listening on port 50405
WebDriver BiDi listening on ws://127.0.0.1:50400
[GFX1-]: RenderCompositorSWGL failed mapping default framebuffer, no dt
1707448506969	RemoteAgent	WARN	TLS certificate errors will be ignored for this session
DevTools listening on ws://127.0.0.1:50400/devtools/browser/0f096982-252f-4c55-aa9b-9f4f32705c4a
console.warn: LoginRecipes: "Falling back to a synchronous message for: https://api.fyers.in."
console.warn: LoginRecipes: "Falling back to a synchronous message for: https://api.fyers.in."
console.warn: LoginRecipes: "Falling back to a synchronous message for: https://api.fyers.in."
1707448537695	addons.xpi	ERROR	System addon update list error SyntaxError: XMLHttpRequest.open: 'http://%(server)s/dummy-system-addons.xml' is not a valid URL.
1707448589137	Marionette	INFO	Stopped listening on port 50405
Dynamically enable window occlusion 1
1707702769916	geckodriver	INFO	Listening on 127.0.0.1:50258
1707702772993	mozrunner::runner	INFO	Running command: "C:\\Program Files\\Mozilla Firefox\\firefox.exe" "--marionette" "--headless" "--remote-debugging-port" "50259" "-no-remote" "-profile" "C:\\Users\\sriram\\AppData\\Local\\Temp\\rust_mozprofile5NZw9S"
*** You are running in headless mode.
console.warn: services.settings: Ignoring preference override of remote settings server
console.warn: services.settings: Allow by setting MOZ_REMOTE_SETTINGS_DEVTOOLS=1 in the environment
1707702773303	Marionette	INFO	Marionette enabled
Dynamically enable window occlusion 0
1707702773354	Marionette	INFO	Listening on port 50270
WebDriver BiDi listening on ws://127.0.0.1:50259
1707702773529	RemoteAgent	WARN	TLS certificate errors will be ignored for this session
[GFX1-]: RenderCompositorSWGL failed mapping default framebuffer, no dt
console.error: ({})
DevTools listening on ws://127.0.0.1:50259/devtools/browser/372f965b-3f1e-4d36-9c6c-fc2f08b695c6
console.warn: LoginRecipes: "Falling back to a synchronous message for: https://api.fyers.in."
console.warn: LoginRecipes: "Falling back to a synchronous message for: https://api.fyers.in."
console.warn: LoginRecipes: "Falling back to a synchronous message for: https://api.fyers.in."
1707702804070	addons.xpi	ERROR	System addon update list error SyntaxError: XMLHttpRequest.open: 'http://%(server)s/dummy-system-addons.xml' is not a valid URL.
1707702856004	Marionette	INFO	Stopped listening on port 50270
Dynamically enable window occlusion 1
1707794103471	geckodriver	INFO	Listening on 127.0.0.1:50651
1707794106542	mozrunner::runner	INFO	Running command: "C:\\Program Files\\Mozilla Firefox\\firefox.exe" "--marionette" "--headless" "--remote-debugging-port" "50652" "-no-remote" "-profile" "C:\\Users\\sriram\\AppData\\Local\\Temp\\rust_mozprofile4bd5eO"
*** You are running in headless mode.
console.warn: services.settings: Ignoring preference override of remote settings server
console.warn: services.settings: Allow by setting MOZ_REMOTE_SETTINGS_DEVTOOLS=1 in the environment
1707794107090	Marionette	INFO	Marionette enabled
Dynamically enable window occlusion 0
1707794107148	Marionette	INFO	Listening on port 50657
WebDriver BiDi listening on ws://127.0.0.1:50652
[GFX1-]: RenderCompositorSWGL failed mapping default framebuffer, no dt
1707794107688	RemoteAgent	WARN	TLS certificate errors will be ignored for this session
DevTools listening on ws://127.0.0.1:50652/devtools/browser/053591a8-2de2-4cc4-8033-e79a81f98262
console.warn: LoginRecipes: "Falling back to a synchronous message for: https://api.fyers.in."
console.warn: LoginRecipes: "Falling back to a synchronous message for: https://api.fyers.in."
console.warn: LoginRecipes: "Falling back to a synchronous message for: https://api.fyers.in."
1707794137712	addons.xpi	ERROR	System addon update list error SyntaxError: XMLHttpRequest.open: 'http://%(server)s/dummy-system-addons.xml' is not a valid URL.
1707794190119	Marionette	INFO	Stopped listening on port 50657
Dynamically enable window occlusion 1
1707880503041	geckodriver	INFO	Listening on 127.0.0.1:50542
1707880506111	mozrunner::runner	INFO	Running command: "C:\\Program Files\\Mozilla Firefox\\firefox.exe" "--marionette" "--headless" "--remote-debugging-port" "50543" "-no-remote" "-profile" "C:\\Users\\sriram\\AppData\\Local\\Temp\\rust_mozprofileYYfSCZ"
*** You are running in headless mode.
console.warn: services.settings: Ignoring preference override of remote settings server
console.warn: services.settings: Allow by setting MOZ_REMOTE_SETTINGS_DEVTOOLS=1 in the environment
1707880506605	Marionette	INFO	Marionette enabled
Dynamically enable window occlusion 0
1707880506666	Marionette	INFO	Listening on port 50548
WebDriver BiDi listening on ws://127.0.0.1:50543
1707880506721	RemoteAgent	WARN	TLS certificate errors will be ignored for this session
[GFX1-]: RenderCompositorSWGL failed mapping default framebuffer, no dt
DevTools listening on ws://127.0.0.1:50543/devtools/browser/fda66ba0-7667-4ef9-b659-7d4188cc33ae
console.warn: LoginRecipes: "Falling back to a synchronous message for: https://api.fyers.in."
console.warn: LoginRecipes: "Falling back to a synchronous message for: https://api.fyers.in."
console.warn: LoginRecipes: "Falling back to a synchronous message for: https://api.fyers.in."
1707880536638	addons.xpi	ERROR	System addon update list error SyntaxError: XMLHttpRequest.open: 'http://%(server)s/dummy-system-addons.xml' is not a valid URL.
1707880589613	Marionette	INFO	Stopped listening on port 50548
Dynamically enable window occlusion 1
1707966903370	geckodriver	INFO	Listening on 127.0.0.1:50624
1707966906421	mozrunner::runner	INFO	Running command: "C:\\Program Files\\Mozilla Firefox\\firefox.exe" "--marionette" "--headless" "--remote-debugging-port" "50625" "-no-remote" "-profile" "C:\\Users\\sriram\\AppData\\Local\\Temp\\rust_mozprofileB3Re5s"
*** You are running in headless mode.
console.warn: services.settings: Ignoring preference override of remote settings server
console.warn: services.settings: Allow by setting MOZ_REMOTE_SETTINGS_DEVTOOLS=1 in the environment
1707966906932	Marionette	INFO	Marionette enabled
Dynamically enable window occlusion 0
1707966906991	Marionette	INFO	Listening on port 50630
WebDriver BiDi listening on ws://127.0.0.1:50625
[GFX1-]: RenderCompositorSWGL failed mapping default framebuffer, no dt
1707966907532	RemoteAgent	WARN	TLS certificate errors will be ignored for this session
DevTools listening on ws://127.0.0.1:50625/devtools/browser/210969ca-ee17-4ff4-8c2e-73da1e2539dc
console.warn: LoginRecipes: "Falling back to a synchronous message for: https://api.fyers.in."
console.warn: LoginRecipes: "Falling back to a synchronous message for: https://api.fyers.in."
console.warn: LoginRecipes: "Falling back to a synchronous message for: https://api.fyers.in."
1707966936954	addons.xpi	ERROR	System addon update list error SyntaxError: XMLHttpRequest.open: 'http://%(server)s/dummy-system-addons.xml' is not a valid URL.
1707966984858	Marionette	INFO	Stopped listening on port 50630
Dynamically enable window occlusion 1
1708053303371	geckodriver	INFO	Listening on 127.0.0.1:65081
1708053306449	mozrunner::runner	INFO	Running command: "C:\\Program Files\\Mozilla Firefox\\firefox.exe" "--marionette" "--headless" "--remote-debugging-port" "65082" "-no-remote" "-profile" "C:\\Users\\sriram\\AppData\\Local\\Temp\\rust_mozprofilekI0OHq"
*** You are running in headless mode.
console.warn: services.settings: Ignoring preference override of remote settings server
console.warn: services.settings: Allow by setting MOZ_REMOTE_SETTINGS_DEVTOOLS=1 in the environment
1708053307010	Marionette	INFO	Marionette enabled
Dynamically enable window occlusion 0
1708053307140	Marionette	INFO	Listening on port 65087
WebDriver BiDi listening on ws://127.0.0.1:65082
[GFX1-]: RenderCompositorSWGL failed mapping default framebuffer, no dt
1708053307559	RemoteAgent	WARN	TLS certificate errors will be ignored for this session
DevTools listening on ws://127.0.0.1:65082/devtools/browser/20a04b61-6d43-4807-8f80-552ed81b07b4
console.warn: LoginRecipes: "Falling back to a synchronous message for: https://api.fyers.in."
console.warn: LoginRecipes: "Falling back to a synchronous message for: https://api.fyers.in."
console.warn: LoginRecipes: "Falling back to a synchronous message for: https://api.fyers.in."
1708053337741	addons.xpi	ERROR	System addon update list error SyntaxError: XMLHttpRequest.open: 'http://%(server)s/dummy-system-addons.xml' is not a valid URL.
1708053389667	Marionette	INFO	Stopped listening on port 65087
Dynamically enable window occlusion 1
1708312503362	geckodriver	INFO	Listening on 127.0.0.1:50484
1708312506436	mozrunner::runner	INFO	Running command: "C:\\Program Files\\Mozilla Firefox\\firefox.exe" "--marionette" "--headless" "--remote-debugging-port" "50485" "-no-remote" "-profile" "C:\\Users\\sriram\\AppData\\Local\\Temp\\rust_mozprofilec2vz3L"
*** You are running in headless mode.
console.warn: services.settings: Ignoring preference override of remote settings server
console.warn: services.settings: Allow by setting MOZ_REMOTE_SETTINGS_DEVTOOLS=1 in the environment
1708312507194	Marionette	INFO	Marionette enabled
Dynamically enable window occlusion 0
1708312507274	Marionette	INFO	Listening on port 50490
WebDriver BiDi listening on ws://127.0.0.1:50485
1708312507550	RemoteAgent	WARN	TLS certificate errors will be ignored for this session
[GFX1-]: RenderCompositorSWGL failed mapping default framebuffer, no dt
DevTools listening on ws://127.0.0.1:50485/devtools/browser/f2301fe4-bde2-47b9-aa4d-2fac285e34cc
console.warn: LoginRecipes: "Falling back to a synchronous message for: https://api.fyers.in."
console.warn: LoginRecipes: "Falling back to a synchronous message for: https://api.fyers.in."
console.warn: LoginRecipes: "Falling back to a synchronous message for: https://api.fyers.in."
1708312537647	addons.xpi	ERROR	System addon update list error SyntaxError: XMLHttpRequest.open: 'http://%(server)s/dummy-system-addons.xml' is not a valid URL.
1708312585553	Marionette	INFO	Stopped listening on port 50490
Dynamically enable window occlusion 1
1708398902823	geckodriver	INFO	Listening on 127.0.0.1:53425
1708398905880	mozrunner::runner	INFO	Running command: "C:\\Program Files\\Mozilla Firefox\\firefox.exe" "--marionette" "--headless" "--remote-debugging-port" "53426" "-no-remote" "-profile" "C:\\Users\\sriram\\AppData\\Local\\Temp\\rust_mozprofile21nFrD"
*** You are running in headless mode.
console.warn: services.settings: Ignoring preference override of remote settings server
console.warn: services.settings: Allow by setting MOZ_REMOTE_SETTINGS_DEVTOOLS=1 in the environment
1708398906616	Marionette	INFO	Marionette enabled
Dynamically enable window occlusion 0
1708398906677	Marionette	INFO	Listening on port 53431
WebDriver BiDi listening on ws://127.0.0.1:53426
1708398906968	RemoteAgent	WARN	TLS certificate errors will be ignored for this session
[GFX1-]: RenderCompositorSWGL failed mapping default framebuffer, no dt
DevTools listening on ws://127.0.0.1:53426/devtools/browser/64783eb3-4d52-459a-a800-ccc6cabc904a
console.warn: LoginRecipes: "Falling back to a synchronous message for: https://api.fyers.in."
console.warn: LoginRecipes: "Falling back to a synchronous message for: https://api.fyers.in."
console.warn: LoginRecipes: "Falling back to a synchronous message for: https://api.fyers.in."
1708398937218	addons.xpi	ERROR	System addon update list error SyntaxError: XMLHttpRequest.open: 'http://%(server)s/dummy-system-addons.xml' is not a valid URL.
1708398989113	Marionette	INFO	Stopped listening on port 53431
Dynamically enable window occlusion 1
1708485302976	geckodriver	INFO	Listening on 127.0.0.1:57539
1708485306053	mozrunner::runner	INFO	Running command: "C:\\Program Files\\Mozilla Firefox\\firefox.exe" "--marionette" "--headless" "--remote-debugging-port" "57540" "-no-remote" "-profile" "C:\\Users\\sriram\\AppData\\Local\\Temp\\rust_mozprofileKX9Qgq"
*** You are running in headless mode.
console.warn: services.settings: Ignoring preference override of remote settings server
console.warn: services.settings: Allow by setting MOZ_REMOTE_SETTINGS_DEVTOOLS=1 in the environment
1708485306546	Marionette	INFO	Marionette enabled
Dynamically enable window occlusion 0
1708485306598	Marionette	INFO	Listening on port 57545
WebDriver BiDi listening on ws://127.0.0.1:57540
1708485306666	RemoteAgent	WARN	TLS certificate errors will be ignored for this session
[GFX1-]: RenderCompositorSWGL failed mapping default framebuffer, no dt
DevTools listening on ws://127.0.0.1:57540/devtools/browser/b1a0e6eb-778e-4759-97ea-0515a092d332
console.warn: LoginRecipes: "Falling back to a synchronous message for: https://api.fyers.in."
console.warn: LoginRecipes: "Falling back to a synchronous message for: https://api.fyers.in."
console.warn: LoginRecipes: "Falling back to a synchronous message for: https://api.fyers.in."
1708485336552	addons.xpi	ERROR	System addon update list error SyntaxError: XMLHttpRequest.open: 'http://%(server)s/dummy-system-addons.xml' is not a valid URL.
1708485389476	Marionette	INFO	Stopped listening on port 57545
Dynamically enable window occlusion 1
1708571703295	geckodriver	INFO	Listening on 127.0.0.1:62087
1708571706374	mozrunner::runner	INFO	Running command: "C:\\Program Files\\Mozilla Firefox\\firefox.exe" "--marionette" "--headless" "--remote-debugging-port" "62088" "-no-remote" "-profile" "C:\\Users\\sriram\\AppData\\Local\\Temp\\rust_mozprofileiuvzUg"
*** You are running in headless mode.
console.warn: services.settings: Ignoring preference override of remote settings server
console.warn: services.settings: Allow by setting MOZ_REMOTE_SETTINGS_DEVTOOLS=1 in the environment
1708571707110	Marionette	INFO	Marionette enabled
Dynamically enable window occlusion 0
1708571707179	Marionette	INFO	Listening on port 62093
WebDriver BiDi listening on ws://127.0.0.1:62088
1708571707415	RemoteAgent	WARN	TLS certificate errors will be ignored for this session
[GFX1-]: RenderCompositorSWGL failed mapping default framebuffer, no dt
DevTools listening on ws://127.0.0.1:62088/devtools/browser/0523aae1-ee2e-4c3c-9983-0f07c3d4d344
console.warn: LoginRecipes: "Falling back to a synchronous message for: https://api.fyers.in."
console.warn: LoginRecipes: "Falling back to a synchronous message for: https://api.fyers.in."
console.warn: LoginRecipes: "Falling back to a synchronous message for: https://api.fyers.in."
1708571737210	addons.xpi	ERROR	System addon update list error SyntaxError: XMLHttpRequest.open: 'http://%(server)s/dummy-system-addons.xml' is not a valid URL.
1708571790627	Marionette	INFO	Stopped listening on port 62093
Dynamically enable window occlusion 1
1708658102744	geckodriver	INFO	Listening on 127.0.0.1:54281
1708658105841	mozrunner::runner	INFO	Running command: "C:\\Program Files\\Mozilla Firefox\\firefox.exe" "--marionette" "--headless" "--remote-debugging-port" "54282" "-no-remote" "-profile" "C:\\Users\\sriram\\AppData\\Local\\Temp\\rust_mozprofiletd7KfM"
*** You are running in headless mode.
console.warn: services.settings: Ignoring preference override of remote settings server
console.warn: services.settings: Allow by setting MOZ_REMOTE_SETTINGS_DEVTOOLS=1 in the environment
1708658106356	Marionette	INFO	Marionette enabled
Dynamically enable window occlusion 0
1708658106415	Marionette	INFO	Listening on port 54287
WebDriver BiDi listening on ws://127.0.0.1:54282
1708658106448	RemoteAgent	WARN	TLS certificate errors will be ignored for this session
[GFX1-]: RenderCompositorSWGL failed mapping default framebuffer, no dt
DevTools listening on ws://127.0.0.1:54282/devtools/browser/f2015a85-e6ac-492a-b320-158a57ca153a
console.warn: LoginRecipes: "Falling back to a synchronous message for: https://api.fyers.in."
console.warn: LoginRecipes: "Falling back to a synchronous message for: https://api.fyers.in."
console.warn: LoginRecipes: "Falling back to a synchronous message for: https://api.fyers.in."
1708658136965	addons.xpi	ERROR	System addon update list error SyntaxError: XMLHttpRequest.open: 'http://%(server)s/dummy-system-addons.xml' is not a valid URL.
1708658188953	Marionette	INFO	Stopped listening on port 54287
Dynamically enable window occlusion 1
1708917302480	geckodriver	INFO	Listening on 127.0.0.1:50420
1708917305524	mozrunner::runner	INFO	Running command: "C:\\Program Files\\Mozilla Firefox\\firefox.exe" "--marionette" "--headless" "--remote-debugging-port" "50421" "-no-remote" "-profile" "C:\\Users\\sriram\\AppData\\Local\\Temp\\rust_mozprofileMP6YEH"
*** You are running in headless mode.
console.warn: services.settings: Ignoring preference override of remote settings server
console.warn: services.settings: Allow by setting MOZ_REMOTE_SETTINGS_DEVTOOLS=1 in the environment
1708917306066	Marionette	INFO	Marionette enabled
Dynamically enable window occlusion 0
1708917306141	Marionette	INFO	Listening on port 50426
WebDriver BiDi listening on ws://127.0.0.1:50421
[GFX1-]: RenderCompositorSWGL failed mapping default framebuffer, no dt
1708917306613	RemoteAgent	WARN	TLS certificate errors will be ignored for this session
DevTools listening on ws://127.0.0.1:50421/devtools/browser/a10aa7a7-f922-4347-a657-9af1f0edba90
console.warn: LoginRecipes: "Falling back to a synchronous message for: https://api.fyers.in."
console.warn: LoginRecipes: "Falling back to a synchronous message for: https://api.fyers.in."
console.warn: LoginRecipes: "Falling back to a synchronous message for: https://api.fyers.in."
1708917336922	addons.xpi	ERROR	System addon update list error SyntaxError: XMLHttpRequest.open: 'http://%(server)s/dummy-system-addons.xml' is not a valid URL.
1708917383763	Marionette	INFO	Stopped listening on port 50426
Dynamically enable window occlusion 1
1709003703132	geckodriver	INFO	Listening on 127.0.0.1:50409
1709003706177	mozrunner::runner	INFO	Running command: "C:\\Program Files\\Mozilla Firefox\\firefox.exe" "--marionette" "--headless" "--remote-debugging-port" "50410" "-no-remote" "-profile" "C:\\Users\\sriram\\AppData\\Local\\Temp\\rust_mozprofile12rMSI"
*** You are running in headless mode.
console.warn: services.settings: Ignoring preference override of remote settings server
console.warn: services.settings: Allow by setting MOZ_REMOTE_SETTINGS_DEVTOOLS=1 in the environment
1709003706881	Marionette	INFO	Marionette enabled
Dynamically enable window occlusion 0
1709003706945	Marionette	INFO	Listening on port 50417
WebDriver BiDi listening on ws://127.0.0.1:50410
1709003707227	RemoteAgent	WARN	TLS certificate errors will be ignored for this session
[GFX1-]: RenderCompositorSWGL failed mapping default framebuffer, no dt
DevTools listening on ws://127.0.0.1:50410/devtools/browser/d9c2a53e-48b5-44c9-bb27-1ff2f56f116e
console.warn: LoginRecipes: "Falling back to a synchronous message for: https://api.fyers.in."
console.warn: LoginRecipes: "Falling back to a synchronous message for: https://api.fyers.in."
console.warn: LoginRecipes: "Falling back to a synchronous message for: https://api.fyers.in."
1709003736966	addons.xpi	ERROR	System addon update list error SyntaxError: XMLHttpRequest.open: 'http://%(server)s/dummy-system-addons.xml' is not a valid URL.
1709003784862	Marionette	INFO	Stopped listening on port 50417
Dynamically enable window occlusion 1
1709090103067	geckodriver	INFO	Listening on 127.0.0.1:54462
1709090106120	mozrunner::runner	INFO	Running command: "C:\\Program Files\\Mozilla Firefox\\firefox.exe" "--marionette" "--headless" "--remote-debugging-port" "54463" "-no-remote" "-profile" "C:\\Users\\sriram\\AppData\\Local\\Temp\\rust_mozprofileHa9T7t"
*** You are running in headless mode.
console.warn: services.settings: Ignoring preference override of remote settings server
console.warn: services.settings: Allow by setting MOZ_REMOTE_SETTINGS_DEVTOOLS=1 in the environment
1709090106798	Marionette	INFO	Marionette enabled
Dynamically enable window occlusion 0
1709090106857	Marionette	INFO	Listening on port 54468
WebDriver BiDi listening on ws://127.0.0.1:54463
1709090107227	RemoteAgent	WARN	TLS certificate errors will be ignored for this session
[GFX1-]: RenderCompositorSWGL failed mapping default framebuffer, no dt
DevTools listening on ws://127.0.0.1:54463/devtools/browser/c4306b75-ff55-474a-b0ca-e588815c293b
console.warn: LoginRecipes: "Falling back to a synchronous message for: https://api.fyers.in."
console.warn: LoginRecipes: "Falling back to a synchronous message for: https://api.fyers.in."
console.warn: LoginRecipes: "Falling back to a synchronous message for: https://api.fyers.in."
1709090136815	addons.xpi	ERROR	System addon update list error SyntaxError: XMLHttpRequest.open: 'http://%(server)s/dummy-system-addons.xml' is not a valid URL.
1709090189879	Marionette	INFO	Stopped listening on port 54468
Dynamically enable window occlusion 1
1709176503358	geckodriver	INFO	Listening on 127.0.0.1:50425
1709176506416	mozrunner::runner	INFO	Running command: "C:\\Program Files\\Mozilla Firefox\\firefox.exe" "--marionette" "--headless" "--remote-debugging-port" "50426" "-no-remote" "-profile" "C:\\Users\\sriram\\AppData\\Local\\Temp\\rust_mozprofilevBrwHT"
*** You are running in headless mode.
console.warn: services.settings: Ignoring preference override of remote settings server
console.warn: services.settings: Allow by setting MOZ_REMOTE_SETTINGS_DEVTOOLS=1 in the environment
1709176507145	Marionette	INFO	Marionette enabled
Dynamically enable window occlusion 0
1709176507237	Marionette	INFO	Listening on port 50431
WebDriver BiDi listening on ws://127.0.0.1:50426
1709176507493	RemoteAgent	WARN	TLS certificate errors will be ignored for this session
[GFX1-]: RenderCompositorSWGL failed mapping default framebuffer, no dt
DevTools listening on ws://127.0.0.1:50426/devtools/browser/b0c68992-9816-4ba4-a745-62d0f9aa510e
console.warn: LoginRecipes: "Falling back to a synchronous message for: https://api.fyers.in."
console.warn: LoginRecipes: "Falling back to a synchronous message for: https://api.fyers.in."
console.warn: LoginRecipes: "Falling back to a synchronous message for: https://api.fyers.in."
1709176537955	addons.xpi	ERROR	System addon update list error SyntaxError: XMLHttpRequest.open: 'http://%(server)s/dummy-system-addons.xml' is not a valid URL.
1709176589960	Marionette	INFO	Stopped listening on port 50431
Dynamically enable window occlusion 1
1709262902946	geckodriver	INFO	Listening on 127.0.0.1:50474
1709262906027	mozrunner::runner	INFO	Running command: "C:\\Program Files\\Mozilla Firefox\\firefox.exe" "--marionette" "--headless" "--remote-debugging-port" "50475" "-no-remote" "-profile" "C:\\Users\\sriram\\AppData\\Local\\Temp\\rust_mozprofilesUM3mo"
*** You are running in headless mode.
console.warn: services.settings: Ignoring preference override of remote settings server
console.warn: services.settings: Allow by setting MOZ_REMOTE_SETTINGS_DEVTOOLS=1 in the environment
1709262906726	Marionette	INFO	Marionette enabled
Dynamically enable window occlusion 0
1709262906787	Marionette	INFO	Listening on port 50480
WebDriver BiDi listening on ws://127.0.0.1:50475
1709262907124	RemoteAgent	WARN	TLS certificate errors will be ignored for this session
[GFX1-]: RenderCompositorSWGL failed mapping default framebuffer, no dt
DevTools listening on ws://127.0.0.1:50475/devtools/browser/c3d7a95d-6036-4087-843b-85aed5947763
console.warn: LoginRecipes: "Falling back to a synchronous message for: https://api.fyers.in."
console.warn: LoginRecipes: "Falling back to a synchronous message for: https://api.fyers.in."
console.warn: LoginRecipes: "Falling back to a synchronous message for: https://api.fyers.in."
1709262936775	addons.xpi	ERROR	System addon update list error SyntaxError: XMLHttpRequest.open: 'http://%(server)s/dummy-system-addons.xml' is not a valid URL.
1709262989786	Marionette	INFO	Stopped listening on port 50480
Dynamically enable window occlusion 1
1709522102786	geckodriver	INFO	Listening on 127.0.0.1:53325
1709522105841	mozrunner::runner	INFO	Running command: "C:\\Program Files\\Mozilla Firefox\\firefox.exe" "--marionette" "--headless" "--remote-debugging-port" "53326" "-no-remote" "-profile" "C:\\Users\\sriram\\AppData\\Local\\Temp\\rust_mozprofile6JwnlW"
*** You are running in headless mode.
console.warn: services.settings: Ignoring preference override of remote settings server
console.warn: services.settings: Allow by setting MOZ_REMOTE_SETTINGS_DEVTOOLS=1 in the environment
1709522106366	Marionette	INFO	Marionette enabled
Dynamically enable window occlusion 0
1709522106426	Marionette	INFO	Listening on port 53331
WebDriver BiDi listening on ws://127.0.0.1:53326
[GFX1-]: RenderCompositorSWGL failed mapping default framebuffer, no dt
1709522106975	RemoteAgent	WARN	TLS certificate errors will be ignored for this session
DevTools listening on ws://127.0.0.1:53326/devtools/browser/6ac6eb19-8959-4664-9802-d95f77e516fd
console.warn: LoginRecipes: "Falling back to a synchronous message for: https://api.fyers.in."
console.warn: LoginRecipes: "Falling back to a synchronous message for: https://api.fyers.in."
console.warn: LoginRecipes: "Falling back to a synchronous message for: https://api.fyers.in."
1709522137199	addons.xpi	ERROR	System addon update list error SyntaxError: XMLHttpRequest.open: 'http://%(server)s/dummy-system-addons.xml' is not a valid URL.
1709522184019	Marionette	INFO	Stopped listening on port 53331
Dynamically enable window occlusion 1
1709608502345	geckodriver	INFO	Listening on 127.0.0.1:58312
1709608505446	mozrunner::runner	INFO	Running command: "C:\\Program Files\\Mozilla Firefox\\firefox.exe" "--marionette" "--headless" "--remote-debugging-port" "58313" "-no-remote" "-profile" "C:\\Users\\sriram\\AppData\\Local\\Temp\\rust_mozprofileWqInDS"
*** You are running in headless mode.
console.warn: services.settings: Ignoring preference override of remote settings server
console.warn: services.settings: Allow by setting MOZ_REMOTE_SETTINGS_DEVTOOLS=1 in the environment
1709608506178	Marionette	INFO	Marionette enabled
Dynamically enable window occlusion 0
1709608506280	Marionette	INFO	Listening on port 58318
WebDriver BiDi listening on ws://127.0.0.1:58313
1709608506516	RemoteAgent	WARN	TLS certificate errors will be ignored for this session
[GFX1-]: RenderCompositorSWGL failed mapping default framebuffer, no dt
DevTools listening on ws://127.0.0.1:58313/devtools/browser/40ce7362-09dc-4bba-b204-91d52668da4f
console.warn: LoginRecipes: "Falling back to a synchronous message for: https://api.fyers.in."
console.warn: LoginRecipes: "Falling back to a synchronous message for: https://api.fyers.in."
console.warn: LoginRecipes: "Falling back to a synchronous message for: https://api.fyers.in."
1709608536980	addons.xpi	ERROR	System addon update list error SyntaxError: XMLHttpRequest.open: 'http://%(server)s/dummy-system-addons.xml' is not a valid URL.
1709608588978	Marionette	INFO	Stopped listening on port 58318
Dynamically enable window occlusion 1
1709694903153	geckodriver	INFO	Listening on 127.0.0.1:50818
1709694906196	mozrunner::runner	INFO	Running command: "C:\\Program Files\\Mozilla Firefox\\firefox.exe" "--marionette" "--headless" "--remote-debugging-port" "50819" "-no-remote" "-profile" "C:\\Users\\sriram\\AppData\\Local\\Temp\\rust_mozprofileXD8m7U"
*** You are running in headless mode.
console.warn: services.settings: Ignoring preference override of remote settings server
console.warn: services.settings: Allow by setting MOZ_REMOTE_SETTINGS_DEVTOOLS=1 in the environment
1709694906948	Marionette	INFO	Marionette enabled
Dynamically enable window occlusion 0
1709694907012	Marionette	INFO	Listening on port 50824
WebDriver BiDi listening on ws://127.0.0.1:50819
1709694907302	RemoteAgent	WARN	TLS certificate errors will be ignored for this session
[GFX1-]: RenderCompositorSWGL failed mapping default framebuffer, no dt
DevTools listening on ws://127.0.0.1:50819/devtools/browser/df5982fd-5ba8-4e9e-bc79-f4cb7d507983
console.warn: LoginRecipes: "Falling back to a synchronous message for: https://api.fyers.in."
console.warn: LoginRecipes: "Falling back to a synchronous message for: https://api.fyers.in."
console.warn: LoginRecipes: "Falling back to a synchronous message for: https://api.fyers.in."
1709694937075	addons.xpi	ERROR	System addon update list error SyntaxError: XMLHttpRequest.open: 'http://%(server)s/dummy-system-addons.xml' is not a valid URL.
1709694990071	Marionette	INFO	Stopped listening on port 50824
Dynamically enable window occlusion 1
1709781303264	geckodriver	INFO	Listening on 127.0.0.1:54429
1709781306331	mozrunner::runner	INFO	Running command: "C:\\Program Files\\Mozilla Firefox\\firefox.exe" "--marionette" "--headless" "--remote-debugging-port" "54430" "-no-remote" "-profile" "C:\\Users\\sriram\\AppData\\Local\\Temp\\rust_mozprofile18Cx6E"
*** You are running in headless mode.
console.warn: services.settings: Ignoring preference override of remote settings server
console.warn: services.settings: Allow by setting MOZ_REMOTE_SETTINGS_DEVTOOLS=1 in the environment
1709781306840	Marionette	INFO	Marionette enabled
Dynamically enable window occlusion 0
1709781306898	Marionette	INFO	Listening on port 54435
WebDriver BiDi listening on ws://127.0.0.1:54430
1709781306932	RemoteAgent	WARN	TLS certificate errors will be ignored for this session
[GFX1-]: RenderCompositorSWGL failed mapping default framebuffer, no dt
DevTools listening on ws://127.0.0.1:54430/devtools/browser/213d7353-5d1a-4536-ab5c-5b35a9f926b8
console.warn: LoginRecipes: "Falling back to a synchronous message for: https://api.fyers.in."
console.warn: LoginRecipes: "Falling back to a synchronous message for: https://api.fyers.in."
console.warn: LoginRecipes: "Falling back to a synchronous message for: https://api.fyers.in."
1709781337682	addons.xpi	ERROR	System addon update list error SyntaxError: XMLHttpRequest.open: 'http://%(server)s/dummy-system-addons.xml' is not a valid URL.
1709781389579	Marionette	INFO	Stopped listening on port 54435
Dynamically enable window occlusion 1
1709867703188	geckodriver	INFO	Listening on 127.0.0.1:50523
1709867706269	mozrunner::runner	INFO	Running command: "C:\\Program Files\\Mozilla Firefox\\firefox.exe" "--marionette" "--headless" "--remote-debugging-port" "50524" "-no-remote" "-profile" "C:\\Users\\sriram\\AppData\\Local\\Temp\\rust_mozprofilecW4zF8"
*** You are running in headless mode.
console.warn: services.settings: Ignoring preference override of remote settings server
console.warn: services.settings: Allow by setting MOZ_REMOTE_SETTINGS_DEVTOOLS=1 in the environment
1709867707026	Marionette	INFO	Marionette enabled
Dynamically enable window occlusion 0
1709867707104	Marionette	INFO	Listening on port 50529
WebDriver BiDi listening on ws://127.0.0.1:50524
1709867707337	RemoteAgent	WARN	TLS certificate errors will be ignored for this session
[GFX1-]: RenderCompositorSWGL failed mapping default framebuffer, no dt
DevTools listening on ws://127.0.0.1:50524/devtools/browser/ea6fb0b8-a00f-459f-b568-9dd9466a7b31
console.warn: LoginRecipes: "Falling back to a synchronous message for: https://api.fyers.in."
console.warn: LoginRecipes: "Falling back to a synchronous message for: https://api.fyers.in."
console.warn: LoginRecipes: "Falling back to a synchronous message for: https://api.fyers.in."
1709867737888	addons.xpi	ERROR	System addon update list error SyntaxError: XMLHttpRequest.open: 'http://%(server)s/dummy-system-addons.xml' is not a valid URL.
1709867790801	Marionette	INFO	Stopped listening on port 50529
Dynamically enable window occlusion 1
1710126902582	geckodriver	INFO	Listening on 127.0.0.1:50336
1710126905679	mozrunner::runner	INFO	Running command: "C:\\Program Files\\Mozilla Firefox\\firefox.exe" "--marionette" "--headless" "--remote-debugging-port" "50337" "-no-remote" "-profile" "C:\\Users\\sriram\\AppData\\Local\\Temp\\rust_mozprofile1Ba1VK"
*** You are running in headless mode.
console.warn: services.settings: Ignoring preference override of remote settings server
console.warn: services.settings: Allow by setting MOZ_REMOTE_SETTINGS_DEVTOOLS=1 in the environment
1710126906157	Marionette	INFO	Marionette enabled
Dynamically enable window occlusion 0
1710126906218	Marionette	INFO	Listening on port 50342
WebDriver BiDi listening on ws://127.0.0.1:50337
1710126906251	RemoteAgent	WARN	TLS certificate errors will be ignored for this session
[GFX1-]: RenderCompositorSWGL failed mapping default framebuffer, no dt
DevTools listening on ws://127.0.0.1:50337/devtools/browser/70e344df-5c94-4e68-bf9e-e021f18c356f
console.warn: LoginRecipes: "Falling back to a synchronous message for: https://api.fyers.in."
console.warn: LoginRecipes: "Falling back to a synchronous message for: https://api.fyers.in."
console.warn: LoginRecipes: "Falling back to a synchronous message for: https://api.fyers.in."
1710126936989	addons.xpi	ERROR	System addon update list error SyntaxError: XMLHttpRequest.open: 'http://%(server)s/dummy-system-addons.xml' is not a valid URL.
1710126988978	Marionette	INFO	Stopped listening on port 50342
Dynamically enable window occlusion 1
1710213303129	geckodriver	INFO	Listening on 127.0.0.1:50535
1710213306198	mozrunner::runner	INFO	Running command: "C:\\Program Files\\Mozilla Firefox\\firefox.exe" "--marionette" "--headless" "--remote-debugging-port" "50536" "-no-remote" "-profile" "C:\\Users\\sriram\\AppData\\Local\\Temp\\rust_mozprofiletFyC5G"
*** You are running in headless mode.
console.warn: services.settings: Ignoring preference override of remote settings server
console.warn: services.settings: Allow by setting MOZ_REMOTE_SETTINGS_DEVTOOLS=1 in the environment
1710213306882	Marionette	INFO	Marionette enabled
Dynamically enable window occlusion 0
1710213306945	Marionette	INFO	Listening on port 50541
WebDriver BiDi listening on ws://127.0.0.1:50536
[GFX1-]: RenderCompositorSWGL failed mapping default framebuffer, no dt
1710213307300	RemoteAgent	WARN	TLS certificate errors will be ignored for this session
DevTools listening on ws://127.0.0.1:50536/devtools/browser/94c11daf-5da3-4068-9622-433a16992b60
console.warn: LoginRecipes: "Falling back to a synchronous message for: https://api.fyers.in."
console.warn: LoginRecipes: "Falling back to a synchronous message for: https://api.fyers.in."
console.warn: LoginRecipes: "Falling back to a synchronous message for: https://api.fyers.in."
1710213336898	addons.xpi	ERROR	System addon update list error SyntaxError: XMLHttpRequest.open: 'http://%(server)s/dummy-system-addons.xml' is not a valid URL.
1710213389886	Marionette	INFO	Stopped listening on port 50541
Dynamically enable window occlusion 1
1710299702454	geckodriver	INFO	Listening on 127.0.0.1:50599
1710299705535	mozrunner::runner	INFO	Running command: "C:\\Program Files\\Mozilla Firefox\\firefox.exe" "--marionette" "--headless" "--remote-debugging-port" "50600" "-no-remote" "-profile" "C:\\Users\\sriram\\AppData\\Local\\Temp\\rust_mozprofileUuFtrY"
*** You are running in headless mode.
console.warn: services.settings: Ignoring preference override of remote settings server
console.warn: services.settings: Allow by setting MOZ_REMOTE_SETTINGS_DEVTOOLS=1 in the environment
1710299706072	Marionette	INFO	Marionette enabled
Dynamically enable window occlusion 0
1710299706136	Marionette	INFO	Listening on port 50605
WebDriver BiDi listening on ws://127.0.0.1:50600
[GFX1-]: RenderCompositorSWGL failed mapping default framebuffer, no dt
1710299706699	RemoteAgent	WARN	TLS certificate errors will be ignored for this session
DevTools listening on ws://127.0.0.1:50600/devtools/browser/d91d277f-ce2c-4047-97de-e4b620440957
console.warn: LoginRecipes: "Falling back to a synchronous message for: https://api.fyers.in."
console.warn: LoginRecipes: "Falling back to a synchronous message for: https://api.fyers.in."
console.warn: LoginRecipes: "Falling back to a synchronous message for: https://api.fyers.in."
1710299736160	addons.xpi	ERROR	System addon update list error SyntaxError: XMLHttpRequest.open: 'http://%(server)s/dummy-system-addons.xml' is not a valid URL.
1710299789160	Marionette	INFO	Stopped listening on port 50605
Dynamically enable window occlusion 1
1710386102484	geckodriver	INFO	Listening on 127.0.0.1:50524
1710386105562	mozrunner::runner	INFO	Running command: "C:\\Program Files\\Mozilla Firefox\\firefox.exe" "--marionette" "--headless" "--remote-debugging-port" "50525" "-no-remote" "-profile" "C:\\Users\\sriram\\AppData\\Local\\Temp\\rust_mozprofileCbp2EB"
*** You are running in headless mode.
console.warn: services.settings: Ignoring preference override of remote settings server
console.warn: services.settings: Allow by setting MOZ_REMOTE_SETTINGS_DEVTOOLS=1 in the environment
1710386106070	Marionette	INFO	Marionette enabled
Dynamically enable window occlusion 0
1710386106129	Marionette	INFO	Listening on port 50530
WebDriver BiDi listening on ws://127.0.0.1:50525
1710386106251	RemoteAgent	WARN	TLS certificate errors will be ignored for this session
[GFX1-]: RenderCompositorSWGL failed mapping default framebuffer, no dt
DevTools listening on ws://127.0.0.1:50525/devtools/browser/aec4afda-3982-4c4f-998c-714e1e13a53d
console.warn: LoginRecipes: "Falling back to a synchronous message for: https://api.fyers.in."
console.warn: LoginRecipes: "Falling back to a synchronous message for: https://api.fyers.in."
console.warn: LoginRecipes: "Falling back to a synchronous message for: https://api.fyers.in."
1710386136333	addons.xpi	ERROR	System addon update list error SyntaxError: XMLHttpRequest.open: 'http://%(server)s/dummy-system-addons.xml' is not a valid URL.
1710386189321	Marionette	INFO	Stopped listening on port 50530
Dynamically enable window occlusion 1
1710472502575	geckodriver	INFO	Listening on 127.0.0.1:50446
1710472505666	mozrunner::runner	INFO	Running command: "C:\\Program Files\\Mozilla Firefox\\firefox.exe" "--marionette" "--headless" "--remote-debugging-port" "50447" "-no-remote" "-profile" "C:\\Users\\sriram\\AppData\\Local\\Temp\\rust_mozprofile1fXjKs"
*** You are running in headless mode.
console.warn: services.settings: Ignoring preference override of remote settings server
console.warn: services.settings: Allow by setting MOZ_REMOTE_SETTINGS_DEVTOOLS=1 in the environment
1710472506394	Marionette	INFO	Marionette enabled
Dynamically enable window occlusion 0
1710472506454	Marionette	INFO	Listening on port 50452
WebDriver BiDi listening on ws://127.0.0.1:50447
1710472506750	RemoteAgent	WARN	TLS certificate errors will be ignored for this session
[GFX1-]: RenderCompositorSWGL failed mapping default framebuffer, no dt
DevTools listening on ws://127.0.0.1:50447/devtools/browser/fde22ac1-c1c9-4611-b3da-058e4597d7be
console.warn: LoginRecipes: "Falling back to a synchronous message for: https://api.fyers.in."
console.warn: LoginRecipes: "Falling back to a synchronous message for: https://api.fyers.in."
console.warn: LoginRecipes: "Falling back to a synchronous message for: https://api.fyers.in."
1710472537187	addons.xpi	ERROR	System addon update list error SyntaxError: XMLHttpRequest.open: 'http://%(server)s/dummy-system-addons.xml' is not a valid URL.
1710472589200	Marionette	INFO	Stopped listening on port 50452
Dynamically enable window occlusion 1
1710731702720	geckodriver	INFO	Listening on 127.0.0.1:50629
1710731705800	mozrunner::runner	INFO	Running command: "C:\\Program Files\\Mozilla Firefox\\firefox.exe" "--marionette" "--headless" "--remote-debugging-port" "50630" "-no-remote" "-profile" "C:\\Users\\sriram\\AppData\\Local\\Temp\\rust_mozprofileUIJtnf"
*** You are running in headless mode.
console.warn: services.settings: Ignoring preference override of remote settings server
console.warn: services.settings: Allow by setting MOZ_REMOTE_SETTINGS_DEVTOOLS=1 in the environment
1710731706340	Marionette	INFO	Marionette enabled
Dynamically enable window occlusion 0
1710731706400	Marionette	INFO	Listening on port 50635
WebDriver BiDi listening on ws://127.0.0.1:50630
[GFX1-]: RenderCompositorSWGL failed mapping default framebuffer, no dt
1710731706927	RemoteAgent	WARN	TLS certificate errors will be ignored for this session
DevTools listening on ws://127.0.0.1:50630/devtools/browser/e8f1a71c-eca4-4fc6-9a80-9693c5f03fd4
console.warn: LoginRecipes: "Falling back to a synchronous message for: https://api.fyers.in."
console.warn: LoginRecipes: "Falling back to a synchronous message for: https://api.fyers.in."
console.warn: LoginRecipes: "Falling back to a synchronous message for: https://api.fyers.in."
1710731737445	addons.xpi	ERROR	System addon update list error SyntaxError: XMLHttpRequest.open: 'http://%(server)s/dummy-system-addons.xml' is not a valid URL.
1710731788852	Marionette	INFO	Stopped listening on port 50635
Dynamically enable window occlusion 1
1710818102611	geckodriver	INFO	Listening on 127.0.0.1:55252
1710818105674	mozrunner::runner	INFO	Running command: "C:\\Program Files\\Mozilla Firefox\\firefox.exe" "--marionette" "--headless" "--remote-debugging-port" "55253" "-no-remote" "-profile" "C:\\Users\\sriram\\AppData\\Local\\Temp\\rust_mozprofilefiaNfH"
*** You are running in headless mode.
console.warn: services.settings: Ignoring preference override of remote settings server
console.warn: services.settings: Allow by setting MOZ_REMOTE_SETTINGS_DEVTOOLS=1 in the environment
1710818106148	Marionette	INFO	Marionette enabled
Dynamically enable window occlusion 0
1710818106205	Marionette	INFO	Listening on port 55258
WebDriver BiDi listening on ws://127.0.0.1:55253
1710818106259	RemoteAgent	WARN	TLS certificate errors will be ignored for this session
[GFX1-]: RenderCompositorSWGL failed mapping default framebuffer, no dt
DevTools listening on ws://127.0.0.1:55253/devtools/browser/0719aab9-8674-49d3-b872-572c076eb940
console.warn: LoginRecipes: "Falling back to a synchronous message for: https://api.fyers.in."
console.warn: LoginRecipes: "Falling back to a synchronous message for: https://api.fyers.in."
console.warn: LoginRecipes: "Falling back to a synchronous message for: https://api.fyers.in."
1710818136720	addons.xpi	ERROR	System addon update list error SyntaxError: XMLHttpRequest.open: 'http://%(server)s/dummy-system-addons.xml' is not a valid URL.
1710818188717	Marionette	INFO	Stopped listening on port 55258
Dynamically enable window occlusion 1
1710904502266	geckodriver	INFO	Listening on 127.0.0.1:50590
1710904505305	mozrunner::runner	INFO	Running command: "C:\\Program Files\\Mozilla Firefox\\firefox.exe" "--marionette" "--headless" "--remote-debugging-port" "50591" "-no-remote" "-profile" "C:\\Users\\sriram\\AppData\\Local\\Temp\\rust_mozprofileTcvo6U"
*** You are running in headless mode.
console.warn: services.settings: Ignoring preference override of remote settings server
console.warn: services.settings: Allow by setting MOZ_REMOTE_SETTINGS_DEVTOOLS=1 in the environment
1710904505957	Marionette	INFO	Marionette enabled
Dynamically enable window occlusion 0
1710904506019	Marionette	INFO	Listening on port 50596
WebDriver BiDi listening on ws://127.0.0.1:50591
[GFX1-]: RenderCompositorSWGL failed mapping default framebuffer, no dt
1710904506422	RemoteAgent	WARN	TLS certificate errors will be ignored for this session
DevTools listening on ws://127.0.0.1:50591/devtools/browser/0ba53573-4630-417e-bbc2-d18845bdbf48
console.warn: LoginRecipes: "Falling back to a synchronous message for: https://api.fyers.in."
console.warn: LoginRecipes: "Falling back to a synchronous message for: https://api.fyers.in."
console.warn: LoginRecipes: "Falling back to a synchronous message for: https://api.fyers.in."
1710904536555	addons.xpi	ERROR	System addon update list error SyntaxError: XMLHttpRequest.open: 'http://%(server)s/dummy-system-addons.xml' is not a valid URL.
1710904588551	Marionette	INFO	Stopped listening on port 50596
Dynamically enable window occlusion 1
1710990904406	geckodriver	INFO	Listening on 127.0.0.1:59342
1710990907459	mozrunner::runner	INFO	Running command: "C:\\Program Files\\Mozilla Firefox\\firefox.exe" "--marionette" "--headless" "--remote-debugging-port" "59343" "-no-remote" "-profile" "C:\\Users\\sriram\\AppData\\Local\\Temp\\rust_mozprofilen4rlJa"
*** You are running in headless mode.
console.warn: services.settings: Ignoring preference override of remote settings server
console.warn: services.settings: Allow by setting MOZ_REMOTE_SETTINGS_DEVTOOLS=1 in the environment
1710990908523	Marionette	INFO	Marionette enabled
Dynamically enable window occlusion 0
1710990908623	Marionette	INFO	Listening on port 59348
WebDriver BiDi listening on ws://127.0.0.1:59343
1710990909207	RemoteAgent	WARN	TLS certificate errors will be ignored for this session
[GFX1-]: RenderCompositorSWGL failed mapping default framebuffer, no dt
DevTools listening on ws://127.0.0.1:59343/devtools/browser/693f78ea-2b2b-4fa9-a6dc-8ce29cec61bd
console.warn: LoginRecipes: "Falling back to a synchronous message for: https://api.fyers.in."
console.warn: LoginRecipes: "Falling back to a synchronous message for: https://api.fyers.in."
console.warn: LoginRecipes: "Falling back to a synchronous message for: https://api.fyers.in."
1710990938541	addons.xpi	ERROR	System addon update list error SyntaxError: XMLHttpRequest.open: 'http://%(server)s/dummy-system-addons.xml' is not a valid URL.
1710990992601	Marionette	INFO	Stopped listening on port 59348
Dynamically enable window occlusion 1
1711077303565	geckodriver	INFO	Listening on 127.0.0.1:51768
1711077306612	mozrunner::runner	INFO	Running command: "C:\\Program Files\\Mozilla Firefox\\firefox.exe" "--marionette" "--headless" "--remote-debugging-port" "51769" "-no-remote" "-profile" "C:\\Users\\sriram\\AppData\\Local\\Temp\\rust_mozprofileDVSmfR"
*** You are running in headless mode.
console.warn: services.settings: Ignoring preference override of remote settings server
console.warn: services.settings: Allow by setting MOZ_REMOTE_SETTINGS_DEVTOOLS=1 in the environment
1711077307352	Marionette	INFO	Marionette enabled
Dynamically enable window occlusion 0
1711077307421	Marionette	INFO	Listening on port 51774
WebDriver BiDi listening on ws://127.0.0.1:51769
1711077307666	RemoteAgent	WARN	TLS certificate errors will be ignored for this session
[GFX1-]: RenderCompositorSWGL failed mapping default framebuffer, no dt
DevTools listening on ws://127.0.0.1:51769/devtools/browser/684425c3-3445-4338-8ca0-2adc7ac44f77
console.warn: LoginRecipes: "Falling back to a synchronous message for: https://api.fyers.in."
console.warn: LoginRecipes: "Falling back to a synchronous message for: https://api.fyers.in."
console.warn: LoginRecipes: "Falling back to a synchronous message for: https://api.fyers.in."
1711077337906	addons.xpi	ERROR	System addon update list error SyntaxError: XMLHttpRequest.open: 'http://%(server)s/dummy-system-addons.xml' is not a valid URL.
1711077390793	Marionette	INFO	Stopped listening on port 51774
Dynamically enable window occlusion 1
1711336503883	geckodriver	INFO	Listening on 127.0.0.1:55213
1711336506944	mozrunner::runner	INFO	Running command: "C:\\Program Files\\Mozilla Firefox\\firefox.exe" "--marionette" "--headless" "--remote-debugging-port" "55214" "-no-remote" "-profile" "C:\\Users\\sriram\\AppData\\Local\\Temp\\rust_mozprofileJItMv0"
*** You are running in headless mode.
console.warn: services.settings: Ignoring preference override of remote settings server
console.warn: services.settings: Allow by setting MOZ_REMOTE_SETTINGS_DEVTOOLS=1 in the environment
1711336507815	Marionette	INFO	Marionette enabled
Dynamically enable window occlusion 0
1711336507883	Marionette	INFO	Listening on port 55219
WebDriver BiDi listening on ws://127.0.0.1:55214
1711336508094	RemoteAgent	WARN	TLS certificate errors will be ignored for this session
[GFX1-]: RenderCompositorSWGL failed mapping default framebuffer, no dt
DevTools listening on ws://127.0.0.1:55214/devtools/browser/0e667c86-0564-4f68-bd9c-8ceeaa970bfa
console.warn: LoginRecipes: "Falling back to a synchronous message for: https://api.fyers.in."
console.warn: LoginRecipes: "Falling back to a synchronous message for: https://api.fyers.in."
console.warn: LoginRecipes: "Falling back to a synchronous message for: https://api.fyers.in."
1711336538436	addons.xpi	ERROR	System addon update list error SyntaxError: XMLHttpRequest.open: 'http://%(server)s/dummy-system-addons.xml' is not a valid URL.
1711336591441	Marionette	INFO	Stopped listening on port 55219
Dynamically enable window occlusion 1
